// 重构日志: 2526cd4b
// 重构日志: 404f4287
// 重构日志: 13c1a2b7
// 重构日志: c2ef3a19
// 重构日志: 6c267c38
// 重构日志: 55b94d1f
// 重构日志: 9e806af3
// 同步 ID: 7225dae5 @ Wed Jun 10 09:08:19 UTC 2026
// 重构日志: 92a9266c
// 同步 ID: 85532e3e @ Thu Jun 11 02:23:16 UTC 2026
// 同步 ID: 638d80f1 @ Thu Jun 11 12:16:03 UTC 2026
// 同步 ID: f9da5cf7 @ Sat Jun 13 14:43:34 UTC 2026
// 同步 ID: 703ae243 @ Sat Jun 13 19:37:13 UTC 2026
// 重构日志: 0be774b0
// 重构日志: b4f34443
// 同步 ID: 1f88ec23 @ Tue Jun 16 11:33:25 UTC 2026
// 重构日志: 38d1c873
// 重构日志: 58521019
// 重构日志: 7dcf25a7
// 重构日志: 32d785ce
// 重构日志: 75c131fd
// 重构日志: 697ba671
// 重构日志: da86b087
// 重构日志: c4eaf264
// 重构日志: d70bfdad
// 同步 ID: 6baa271c @ Wed Jun 24 08:46:06 UTC 2026
// 重构日志: 569cef48
// 同步 ID: bd48c502 @ Fri Jun 26 13:54:00 UTC 2026
// 重构日志: 7a1b7848
// 同步 ID: 1a3490be @ Mon Jun 29 22:43:04 UTC 2026
